2025-07-09 13:59:25,321 - INFO - Initialized Binance Client
2025-07-09 14:01:13,664 - ERROR - Error placing order: APIError(code=-2015): Invalid API-key, IP, or permissions for action
2025-07-09 14:07:44,638 - INFO - Initialized Binance Futures Testnet Client
2025-07-09 14:08:08,556 - ERROR - Error placing order: APIError(code=-2015): Invalid API-key, IP, or permissions for action
2025-07-09 14:13:02,551 - INFO - Initialized Binance Futures Testnet Client
2025-07-09 14:13:24,307 - ERROR - Error placing order: APIError(code=-2015): Invalid API-key, IP, or permissions for action
2025-07-09 14:15:20,487 - INFO - Initialized Binance Futures Testnet Client
2025-07-09 14:15:39,070 - ERROR - Error placing order: APIError(code=-2015): Invalid API-key, IP, or permissions for action
2025-07-09 19:09:25,661 - INFO - Initialized Binance Futures Testnet Client
2025-07-09 19:09:44,949 - ERROR - Error placing order: APIError(code=-2015): Invalid API-key, IP, or permissions for action
2025-07-09 19:12:47,719 - INFO - Initialized Binance Spot Client
2025-07-09 19:13:06,170 - ERROR - Error placing order: APIError(code=-2015): Invalid API-key, IP, or permissions for action.
2025-07-09 19:19:22,495 - INFO - Initialized Binance Spot Client
2025-07-09 19:19:38,987 - ERROR - Error placing order: APIError(code=-2015): Invalid API-key, IP, or permissions for action.
2025-07-09 19:20:28,397 - INFO - Initialized Binance Spot Client
2025-07-09 19:20:37,733 - ERROR - Error placing order: APIError(code=-2015): Invalid API-key, IP, or permissions for action.
2025-07-09 19:26:20,659 - INFO - Initialized Binance Spot Client
2025-07-09 19:26:27,062 - ERROR - Error placing order: APIError(code=-2015): Invalid API-key, IP, or permissions for action.
2025-07-09 19:28:14,655 - INFO - Initialized Binance Spot Client
2025-07-09 19:28:18,068 - ERROR - Error placing order: APIError(code=-2015): Invalid API-key, IP, or permissions for action.
2025-07-09 20:50:32,245 - INFO - Initialized Binance Spot Client
2025-07-09 20:50:38,513 - ERROR - Error placing order: APIError(code=-2015): Invalid API-key, IP, or permissions for action.
2025-07-09 21:01:55,577 - INFO - Initialized Binance Spot Client
2025-07-09 21:02:16,962 - ERROR - Error placing order: APIError(code=-2015): Invalid API-key, IP, or permissions for action.
2025-07-09 21:07:17,328 - INFO - Initialized Binance Spot Testnet Client
2025-07-09 21:07:18,354 - INFO - Account information retrieved successfully
2025-07-09 21:08:03,511 - INFO - Order placed: {'symbol': 'BTCUSDT', 'orderId': 3450042, 'orderListId': -1, 'clientOrderId': 'x-HNA2TXFJca6e9d5e76c150513756ac', 'transactTime': 1752075485955, 'price': '0.00000000', 'origQty': '0.00100000', 'executedQty': '0.00100000', 'origQuoteOrderQty': '0.00000000', 'cummulativeQuoteQty': '108.96927000', 'status': 'FILLED', 'timeInForce': 'GTC', 'type': 'MARKET', 'side': 'BUY', 'workingTime': 1752075485955, 'fills': [{'price': '108969.27000000', 'qty': '0.00100000', 'commission': '0.00000000', 'commissionAsset': 'BTC', 'tradeId': 471213}], 'selfTradePreventionMode': 'EXPIRE_MAKER'}
2025-07-09 21:10:08,237 - INFO - Initialized Binance Spot Testnet Client
2025-07-09 21:10:08,749 - INFO - Account information retrieved successfully
2025-07-09 21:11:07,826 - ERROR - Error placing order: APIError(code=-1013): Filter failure: NOTIONAL
2025-07-09 21:14:45,828 - INFO - Initialized Binance Spot Testnet Client
2025-07-09 21:14:46,569 - INFO - Account information retrieved successfully
2025-07-09 21:15:09,103 - ERROR - Error placing order: Unsupported order type
2025-07-09 21:15:20,960 - INFO - Initialized Binance Spot Testnet Client
2025-07-09 21:15:21,694 - INFO - Account information retrieved successfully
2025-07-09 21:15:43,709 - INFO - Order placed: {'symbol': 'BTCUSDT', 'orderId': 3452795, 'orderListId': -1, 'clientOrderId': 'x-HNA2TXFJ23c801973afd5852ef386a', 'transactTime': 1752075946219, 'price': '0.00000000', 'origQty': '0.00100000', 'executedQty': '0.00100000', 'origQuoteOrderQty': '0.00000000', 'cummulativeQuoteQty': '108.87601330', 'status': 'FILLED', 'timeInForce': 'GTC', 'type': 'MARKET', 'side': 'SELL', 'workingTime': 1752075946219, 'fills': [{'price': '108876.35000000', 'qty': '0.00009000', 'commission': '0.00000000', 'commissionAsset': 'USDT', 'tradeId': 471458}, {'price': '108875.98000000', 'qty': '0.00091000', 'commission': '0.00000000', 'commissionAsset': 'USDT', 'tradeId': 471459}], 'selfTradePreventionMode': 'EXPIRE_MAKER'}
